<?xml version="1.0" encoding="UTF-8"?>
<!-- Generated by org.testng.reporters.JUnitReportReporter -->
<testsuite skipped="0" hostname="ip-172-31-1-207" name="test3.Testcase1" tests="1" failures="0" timestamp="24 Feb 2021 07:25:40 GMT" time="8.532" errors="0">
  <testcase name="LoginTest" time="8.532" classname="test3.Testcase1"/>
</testsuite> <!-- test3.Testcase1 -->
