<?xml version="1.0" encoding="UTF-8"?>
<!-- Generated by org.testng.reporters.JUnitReportReporter -->
<testsuite skipped="0" hostname="ip-172-31-1-207" name="test3.Testcase1" tests="1" failures="0" timestamp="24 Feb 2021 07:30:10 GMT" time="8.564" errors="0">
  <testcase name="LoginTest" time="8.564" classname="test3.Testcase1"/>
</testsuite> <!-- test3.Testcase1 -->
