<?xml version="1.0" encoding="UTF-8"?>
<!-- Generated by org.testng.reporters.JUnitReportReporter -->
<testsuite skipped="0" hostname="ip-172-31-1-207" name="GitHub.Maven.AppTest" tests="1" failures="0" timestamp="24 Feb 2021 07:30:10 GMT" time="0.005" errors="0">
  <testcase name="testApp" time="0.005" classname="GitHub.Maven.AppTest"/>
</testsuite> <!-- GitHub.Maven.AppTest -->
